[2023-04-11T09:52:47.182+0400] {processor.py:153} INFO - Started process (PID=32817) to work on /opt/airflow/dags/10X_dags/demultiplex_ten.py
[2023-04-11T09:52:47.183+0400] {processor.py:743} INFO - Processing file /opt/airflow/dags/10X_dags/demultiplex_ten.py for tasks to queue
[2023-04-11T09:52:47.184+0400] {logging_mixin.py:137} INFO - [2023-04-11T09:52:47.184+0400] {dagbag.py:532} INFO - Filling up the DagBag from /opt/airflow/dags/10X_dags/demultiplex_ten.py
[2023-04-11T09:52:47.191+0400] {processor.py:755} WARNING - No viable dags retrieved from /opt/airflow/dags/10X_dags/demultiplex_ten.py
[2023-04-11T09:52:47.205+0400] {processor.py:175} INFO - Processing /opt/airflow/dags/10X_dags/demultiplex_ten.py took 0.027 seconds
[2023-04-11T09:53:17.588+0400] {processor.py:153} INFO - Started process (PID=32830) to work on /opt/airflow/dags/10X_dags/demultiplex_ten.py
[2023-04-11T09:53:17.590+0400] {processor.py:743} INFO - Processing file /opt/airflow/dags/10X_dags/demultiplex_ten.py for tasks to queue
[2023-04-11T09:53:17.592+0400] {logging_mixin.py:137} INFO - [2023-04-11T09:53:17.591+0400] {dagbag.py:532} INFO - Filling up the DagBag from /opt/airflow/dags/10X_dags/demultiplex_ten.py
[2023-04-11T09:53:17.604+0400] {processor.py:755} WARNING - No viable dags retrieved from /opt/airflow/dags/10X_dags/demultiplex_ten.py
[2023-04-11T09:53:17.641+0400] {processor.py:175} INFO - Processing /opt/airflow/dags/10X_dags/demultiplex_ten.py took 0.064 seconds
[2023-04-11T09:53:52.099+0400] {processor.py:153} INFO - Started process (PID=49) to work on /opt/airflow/dags/10X_dags/demultiplex_ten.py
[2023-04-11T09:53:52.099+0400] {processor.py:743} INFO - Processing file /opt/airflow/dags/10X_dags/demultiplex_ten.py for tasks to queue
[2023-04-11T09:53:52.100+0400] {logging_mixin.py:137} INFO - [2023-04-11T09:53:52.100+0400] {dagbag.py:532} INFO - Filling up the DagBag from /opt/airflow/dags/10X_dags/demultiplex_ten.py
[2023-04-11T09:53:52.104+0400] {processor.py:755} WARNING - No viable dags retrieved from /opt/airflow/dags/10X_dags/demultiplex_ten.py
[2023-04-11T09:53:52.117+0400] {processor.py:175} INFO - Processing /opt/airflow/dags/10X_dags/demultiplex_ten.py took 0.022 seconds
[2023-04-11T09:54:23.439+0400] {processor.py:153} INFO - Started process (PID=62) to work on /opt/airflow/dags/10X_dags/demultiplex_ten.py
[2023-04-11T09:54:23.441+0400] {processor.py:743} INFO - Processing file /opt/airflow/dags/10X_dags/demultiplex_ten.py for tasks to queue
[2023-04-11T09:54:23.443+0400] {logging_mixin.py:137} INFO - [2023-04-11T09:54:23.443+0400] {dagbag.py:532} INFO - Filling up the DagBag from /opt/airflow/dags/10X_dags/demultiplex_ten.py
[2023-04-11T09:54:23.454+0400] {processor.py:755} WARNING - No viable dags retrieved from /opt/airflow/dags/10X_dags/demultiplex_ten.py
[2023-04-11T09:54:23.492+0400] {processor.py:175} INFO - Processing /opt/airflow/dags/10X_dags/demultiplex_ten.py took 0.063 seconds
[2023-04-11T09:54:53.916+0400] {processor.py:153} INFO - Started process (PID=75) to work on /opt/airflow/dags/10X_dags/demultiplex_ten.py
[2023-04-11T09:54:53.918+0400] {processor.py:743} INFO - Processing file /opt/airflow/dags/10X_dags/demultiplex_ten.py for tasks to queue
[2023-04-11T09:54:53.920+0400] {logging_mixin.py:137} INFO - [2023-04-11T09:54:53.919+0400] {dagbag.py:532} INFO - Filling up the DagBag from /opt/airflow/dags/10X_dags/demultiplex_ten.py
[2023-04-11T09:54:53.930+0400] {processor.py:755} WARNING - No viable dags retrieved from /opt/airflow/dags/10X_dags/demultiplex_ten.py
[2023-04-11T09:54:53.968+0400] {processor.py:175} INFO - Processing /opt/airflow/dags/10X_dags/demultiplex_ten.py took 0.062 seconds
[2023-04-11T09:55:24.450+0400] {processor.py:153} INFO - Started process (PID=89) to work on /opt/airflow/dags/10X_dags/demultiplex_ten.py
[2023-04-11T09:55:24.452+0400] {processor.py:743} INFO - Processing file /opt/airflow/dags/10X_dags/demultiplex_ten.py for tasks to queue
[2023-04-11T09:55:24.454+0400] {logging_mixin.py:137} INFO - [2023-04-11T09:55:24.454+0400] {dagbag.py:532} INFO - Filling up the DagBag from /opt/airflow/dags/10X_dags/demultiplex_ten.py
[2023-04-11T09:55:24.465+0400] {processor.py:755} WARNING - No viable dags retrieved from /opt/airflow/dags/10X_dags/demultiplex_ten.py
[2023-04-11T09:55:24.501+0400] {processor.py:175} INFO - Processing /opt/airflow/dags/10X_dags/demultiplex_ten.py took 0.060 seconds
[2023-04-11T09:55:54.908+0400] {processor.py:153} INFO - Started process (PID=102) to work on /opt/airflow/dags/10X_dags/demultiplex_ten.py
[2023-04-11T09:55:54.911+0400] {processor.py:743} INFO - Processing file /opt/airflow/dags/10X_dags/demultiplex_ten.py for tasks to queue
[2023-04-11T09:55:54.912+0400] {logging_mixin.py:137} INFO - [2023-04-11T09:55:54.912+0400] {dagbag.py:532} INFO - Filling up the DagBag from /opt/airflow/dags/10X_dags/demultiplex_ten.py
[2023-04-11T09:55:54.923+0400] {processor.py:755} WARNING - No viable dags retrieved from /opt/airflow/dags/10X_dags/demultiplex_ten.py
[2023-04-11T09:55:54.964+0400] {processor.py:175} INFO - Processing /opt/airflow/dags/10X_dags/demultiplex_ten.py took 0.065 seconds
[2023-04-11T09:56:25.411+0400] {processor.py:153} INFO - Started process (PID=115) to work on /opt/airflow/dags/10X_dags/demultiplex_ten.py
[2023-04-11T09:56:25.413+0400] {processor.py:743} INFO - Processing file /opt/airflow/dags/10X_dags/demultiplex_ten.py for tasks to queue
[2023-04-11T09:56:25.415+0400] {logging_mixin.py:137} INFO - [2023-04-11T09:56:25.414+0400] {dagbag.py:532} INFO - Filling up the DagBag from /opt/airflow/dags/10X_dags/demultiplex_ten.py
[2023-04-11T09:56:25.424+0400] {processor.py:755} WARNING - No viable dags retrieved from /opt/airflow/dags/10X_dags/demultiplex_ten.py
[2023-04-11T09:56:25.463+0400] {processor.py:175} INFO - Processing /opt/airflow/dags/10X_dags/demultiplex_ten.py took 0.061 seconds
[2023-04-11T09:56:55.954+0400] {processor.py:153} INFO - Started process (PID=128) to work on /opt/airflow/dags/10X_dags/demultiplex_ten.py
[2023-04-11T09:56:55.956+0400] {processor.py:743} INFO - Processing file /opt/airflow/dags/10X_dags/demultiplex_ten.py for tasks to queue
[2023-04-11T09:56:55.959+0400] {logging_mixin.py:137} INFO - [2023-04-11T09:56:55.958+0400] {dagbag.py:532} INFO - Filling up the DagBag from /opt/airflow/dags/10X_dags/demultiplex_ten.py
[2023-04-11T09:56:55.969+0400] {processor.py:755} WARNING - No viable dags retrieved from /opt/airflow/dags/10X_dags/demultiplex_ten.py
[2023-04-11T09:56:56.008+0400] {processor.py:175} INFO - Processing /opt/airflow/dags/10X_dags/demultiplex_ten.py took 0.063 seconds
[2023-04-11T09:57:26.426+0400] {processor.py:153} INFO - Started process (PID=141) to work on /opt/airflow/dags/10X_dags/demultiplex_ten.py
[2023-04-11T09:57:26.428+0400] {processor.py:743} INFO - Processing file /opt/airflow/dags/10X_dags/demultiplex_ten.py for tasks to queue
[2023-04-11T09:57:26.430+0400] {logging_mixin.py:137} INFO - [2023-04-11T09:57:26.429+0400] {dagbag.py:532} INFO - Filling up the DagBag from /opt/airflow/dags/10X_dags/demultiplex_ten.py
[2023-04-11T09:57:26.441+0400] {processor.py:755} WARNING - No viable dags retrieved from /opt/airflow/dags/10X_dags/demultiplex_ten.py
[2023-04-11T09:57:26.480+0400] {processor.py:175} INFO - Processing /opt/airflow/dags/10X_dags/demultiplex_ten.py took 0.063 seconds
[2023-04-11T09:57:56.975+0400] {processor.py:153} INFO - Started process (PID=154) to work on /opt/airflow/dags/10X_dags/demultiplex_ten.py
[2023-04-11T09:57:56.977+0400] {processor.py:743} INFO - Processing file /opt/airflow/dags/10X_dags/demultiplex_ten.py for tasks to queue
[2023-04-11T09:57:56.979+0400] {logging_mixin.py:137} INFO - [2023-04-11T09:57:56.978+0400] {dagbag.py:532} INFO - Filling up the DagBag from /opt/airflow/dags/10X_dags/demultiplex_ten.py
[2023-04-11T09:57:56.989+0400] {processor.py:755} WARNING - No viable dags retrieved from /opt/airflow/dags/10X_dags/demultiplex_ten.py
[2023-04-11T09:57:57.028+0400] {processor.py:175} INFO - Processing /opt/airflow/dags/10X_dags/demultiplex_ten.py took 0.062 seconds
[2023-04-11T09:58:27.444+0400] {processor.py:153} INFO - Started process (PID=167) to work on /opt/airflow/dags/10X_dags/demultiplex_ten.py
[2023-04-11T09:58:27.446+0400] {processor.py:743} INFO - Processing file /opt/airflow/dags/10X_dags/demultiplex_ten.py for tasks to queue
[2023-04-11T09:58:27.448+0400] {logging_mixin.py:137} INFO - [2023-04-11T09:58:27.447+0400] {dagbag.py:532} INFO - Filling up the DagBag from /opt/airflow/dags/10X_dags/demultiplex_ten.py
[2023-04-11T09:58:27.459+0400] {processor.py:755} WARNING - No viable dags retrieved from /opt/airflow/dags/10X_dags/demultiplex_ten.py
[2023-04-11T09:58:27.497+0400] {processor.py:175} INFO - Processing /opt/airflow/dags/10X_dags/demultiplex_ten.py took 0.063 seconds
[2023-04-11T09:58:57.933+0400] {processor.py:153} INFO - Started process (PID=180) to work on /opt/airflow/dags/10X_dags/demultiplex_ten.py
[2023-04-11T09:58:57.935+0400] {processor.py:743} INFO - Processing file /opt/airflow/dags/10X_dags/demultiplex_ten.py for tasks to queue
[2023-04-11T09:58:57.937+0400] {logging_mixin.py:137} INFO - [2023-04-11T09:58:57.936+0400] {dagbag.py:532} INFO - Filling up the DagBag from /opt/airflow/dags/10X_dags/demultiplex_ten.py
[2023-04-11T09:58:57.948+0400] {processor.py:755} WARNING - No viable dags retrieved from /opt/airflow/dags/10X_dags/demultiplex_ten.py
[2023-04-11T09:58:57.991+0400] {processor.py:175} INFO - Processing /opt/airflow/dags/10X_dags/demultiplex_ten.py took 0.067 seconds
[2023-04-11T09:59:28.491+0400] {processor.py:153} INFO - Started process (PID=193) to work on /opt/airflow/dags/10X_dags/demultiplex_ten.py
[2023-04-11T09:59:28.493+0400] {processor.py:743} INFO - Processing file /opt/airflow/dags/10X_dags/demultiplex_ten.py for tasks to queue
[2023-04-11T09:59:28.495+0400] {logging_mixin.py:137} INFO - [2023-04-11T09:59:28.494+0400] {dagbag.py:532} INFO - Filling up the DagBag from /opt/airflow/dags/10X_dags/demultiplex_ten.py
[2023-04-11T09:59:28.505+0400] {processor.py:755} WARNING - No viable dags retrieved from /opt/airflow/dags/10X_dags/demultiplex_ten.py
[2023-04-11T09:59:28.544+0400] {processor.py:175} INFO - Processing /opt/airflow/dags/10X_dags/demultiplex_ten.py took 0.062 seconds
[2023-04-11T09:59:58.970+0400] {processor.py:153} INFO - Started process (PID=206) to work on /opt/airflow/dags/10X_dags/demultiplex_ten.py
[2023-04-11T09:59:58.972+0400] {processor.py:743} INFO - Processing file /opt/airflow/dags/10X_dags/demultiplex_ten.py for tasks to queue
[2023-04-11T09:59:58.974+0400] {logging_mixin.py:137} INFO - [2023-04-11T09:59:58.973+0400] {dagbag.py:532} INFO - Filling up the DagBag from /opt/airflow/dags/10X_dags/demultiplex_ten.py
[2023-04-11T09:59:58.984+0400] {processor.py:755} WARNING - No viable dags retrieved from /opt/airflow/dags/10X_dags/demultiplex_ten.py
[2023-04-11T09:59:59.027+0400] {processor.py:175} INFO - Processing /opt/airflow/dags/10X_dags/demultiplex_ten.py took 0.066 seconds
[2023-04-11T10:00:29.454+0400] {processor.py:153} INFO - Started process (PID=219) to work on /opt/airflow/dags/10X_dags/demultiplex_ten.py
[2023-04-11T10:00:29.456+0400] {processor.py:743} INFO - Processing file /opt/airflow/dags/10X_dags/demultiplex_ten.py for tasks to queue
[2023-04-11T10:00:29.458+0400] {logging_mixin.py:137} INFO - [2023-04-11T10:00:29.458+0400] {dagbag.py:532} INFO - Filling up the DagBag from /opt/airflow/dags/10X_dags/demultiplex_ten.py
[2023-04-11T10:00:29.468+0400] {processor.py:755} WARNING - No viable dags retrieved from /opt/airflow/dags/10X_dags/demultiplex_ten.py
[2023-04-11T10:00:29.508+0400] {processor.py:175} INFO - Processing /opt/airflow/dags/10X_dags/demultiplex_ten.py took 0.063 seconds
[2023-04-11T10:00:59.921+0400] {processor.py:153} INFO - Started process (PID=232) to work on /opt/airflow/dags/10X_dags/demultiplex_ten.py
[2023-04-11T10:00:59.923+0400] {processor.py:743} INFO - Processing file /opt/airflow/dags/10X_dags/demultiplex_ten.py for tasks to queue
[2023-04-11T10:00:59.925+0400] {logging_mixin.py:137} INFO - [2023-04-11T10:00:59.925+0400] {dagbag.py:532} INFO - Filling up the DagBag from /opt/airflow/dags/10X_dags/demultiplex_ten.py
[2023-04-11T10:00:59.935+0400] {processor.py:755} WARNING - No viable dags retrieved from /opt/airflow/dags/10X_dags/demultiplex_ten.py
[2023-04-11T10:00:59.974+0400] {processor.py:175} INFO - Processing /opt/airflow/dags/10X_dags/demultiplex_ten.py took 0.062 seconds
[2023-04-11T10:01:30.397+0400] {processor.py:153} INFO - Started process (PID=245) to work on /opt/airflow/dags/10X_dags/demultiplex_ten.py
[2023-04-11T10:01:30.399+0400] {processor.py:743} INFO - Processing file /opt/airflow/dags/10X_dags/demultiplex_ten.py for tasks to queue
[2023-04-11T10:01:30.400+0400] {logging_mixin.py:137} INFO - [2023-04-11T10:01:30.400+0400] {dagbag.py:532} INFO - Filling up the DagBag from /opt/airflow/dags/10X_dags/demultiplex_ten.py
[2023-04-11T10:01:30.411+0400] {processor.py:755} WARNING - No viable dags retrieved from /opt/airflow/dags/10X_dags/demultiplex_ten.py
[2023-04-11T10:01:30.450+0400] {processor.py:175} INFO - Processing /opt/airflow/dags/10X_dags/demultiplex_ten.py took 0.063 seconds
[2023-04-11T10:02:00.884+0400] {processor.py:153} INFO - Started process (PID=258) to work on /opt/airflow/dags/10X_dags/demultiplex_ten.py
[2023-04-11T10:02:00.886+0400] {processor.py:743} INFO - Processing file /opt/airflow/dags/10X_dags/demultiplex_ten.py for tasks to queue
[2023-04-11T10:02:00.888+0400] {logging_mixin.py:137} INFO - [2023-04-11T10:02:00.887+0400] {dagbag.py:532} INFO - Filling up the DagBag from /opt/airflow/dags/10X_dags/demultiplex_ten.py
[2023-04-11T10:02:00.898+0400] {processor.py:755} WARNING - No viable dags retrieved from /opt/airflow/dags/10X_dags/demultiplex_ten.py
[2023-04-11T10:02:00.937+0400] {processor.py:175} INFO - Processing /opt/airflow/dags/10X_dags/demultiplex_ten.py took 0.063 seconds
[2023-04-11T10:02:31.347+0400] {processor.py:153} INFO - Started process (PID=271) to work on /opt/airflow/dags/10X_dags/demultiplex_ten.py
[2023-04-11T10:02:31.348+0400] {processor.py:743} INFO - Processing file /opt/airflow/dags/10X_dags/demultiplex_ten.py for tasks to queue
[2023-04-11T10:02:31.349+0400] {logging_mixin.py:137} INFO - [2023-04-11T10:02:31.349+0400] {dagbag.py:532} INFO - Filling up the DagBag from /opt/airflow/dags/10X_dags/demultiplex_ten.py
[2023-04-11T10:02:31.353+0400] {processor.py:755} WARNING - No viable dags retrieved from /opt/airflow/dags/10X_dags/demultiplex_ten.py
[2023-04-11T10:02:31.387+0400] {processor.py:175} INFO - Processing /opt/airflow/dags/10X_dags/demultiplex_ten.py took 0.043 seconds
[2023-04-11T10:03:01.855+0400] {processor.py:153} INFO - Started process (PID=284) to work on /opt/airflow/dags/10X_dags/demultiplex_ten.py
[2023-04-11T10:03:01.857+0400] {processor.py:743} INFO - Processing file /opt/airflow/dags/10X_dags/demultiplex_ten.py for tasks to queue
[2023-04-11T10:03:01.859+0400] {logging_mixin.py:137} INFO - [2023-04-11T10:03:01.859+0400] {dagbag.py:532} INFO - Filling up the DagBag from /opt/airflow/dags/10X_dags/demultiplex_ten.py
[2023-04-11T10:03:01.869+0400] {processor.py:755} WARNING - No viable dags retrieved from /opt/airflow/dags/10X_dags/demultiplex_ten.py
[2023-04-11T10:03:01.903+0400] {processor.py:175} INFO - Processing /opt/airflow/dags/10X_dags/demultiplex_ten.py took 0.056 seconds
[2023-04-11T10:03:32.340+0400] {processor.py:153} INFO - Started process (PID=297) to work on /opt/airflow/dags/10X_dags/demultiplex_ten.py
[2023-04-11T10:03:32.341+0400] {processor.py:743} INFO - Processing file /opt/airflow/dags/10X_dags/demultiplex_ten.py for tasks to queue
[2023-04-11T10:03:32.341+0400] {logging_mixin.py:137} INFO - [2023-04-11T10:03:32.341+0400] {dagbag.py:532} INFO - Filling up the DagBag from /opt/airflow/dags/10X_dags/demultiplex_ten.py
[2023-04-11T10:03:32.346+0400] {processor.py:755} WARNING - No viable dags retrieved from /opt/airflow/dags/10X_dags/demultiplex_ten.py
[2023-04-11T10:03:32.363+0400] {processor.py:175} INFO - Processing /opt/airflow/dags/10X_dags/demultiplex_ten.py took 0.027 seconds
[2023-04-11T10:04:02.855+0400] {processor.py:153} INFO - Started process (PID=310) to work on /opt/airflow/dags/10X_dags/demultiplex_ten.py
[2023-04-11T10:04:02.857+0400] {processor.py:743} INFO - Processing file /opt/airflow/dags/10X_dags/demultiplex_ten.py for tasks to queue
[2023-04-11T10:04:02.859+0400] {logging_mixin.py:137} INFO - [2023-04-11T10:04:02.859+0400] {dagbag.py:532} INFO - Filling up the DagBag from /opt/airflow/dags/10X_dags/demultiplex_ten.py
[2023-04-11T10:04:02.871+0400] {processor.py:755} WARNING - No viable dags retrieved from /opt/airflow/dags/10X_dags/demultiplex_ten.py
[2023-04-11T10:04:02.909+0400] {processor.py:175} INFO - Processing /opt/airflow/dags/10X_dags/demultiplex_ten.py took 0.063 seconds
[2023-04-11T10:04:33.353+0400] {processor.py:153} INFO - Started process (PID=323) to work on /opt/airflow/dags/10X_dags/demultiplex_ten.py
[2023-04-11T10:04:33.355+0400] {processor.py:743} INFO - Processing file /opt/airflow/dags/10X_dags/demultiplex_ten.py for tasks to queue
[2023-04-11T10:04:33.357+0400] {logging_mixin.py:137} INFO - [2023-04-11T10:04:33.356+0400] {dagbag.py:532} INFO - Filling up the DagBag from /opt/airflow/dags/10X_dags/demultiplex_ten.py
[2023-04-11T10:04:33.367+0400] {processor.py:755} WARNING - No viable dags retrieved from /opt/airflow/dags/10X_dags/demultiplex_ten.py
[2023-04-11T10:04:33.407+0400] {processor.py:175} INFO - Processing /opt/airflow/dags/10X_dags/demultiplex_ten.py took 0.066 seconds
[2023-04-11T10:05:03.820+0400] {processor.py:153} INFO - Started process (PID=336) to work on /opt/airflow/dags/10X_dags/demultiplex_ten.py
[2023-04-11T10:05:03.822+0400] {processor.py:743} INFO - Processing file /opt/airflow/dags/10X_dags/demultiplex_ten.py for tasks to queue
[2023-04-11T10:05:03.824+0400] {logging_mixin.py:137} INFO - [2023-04-11T10:05:03.823+0400] {dagbag.py:532} INFO - Filling up the DagBag from /opt/airflow/dags/10X_dags/demultiplex_ten.py
[2023-04-11T10:05:03.836+0400] {processor.py:755} WARNING - No viable dags retrieved from /opt/airflow/dags/10X_dags/demultiplex_ten.py
[2023-04-11T10:05:03.873+0400] {processor.py:175} INFO - Processing /opt/airflow/dags/10X_dags/demultiplex_ten.py took 0.064 seconds
[2023-04-11T10:05:34.376+0400] {processor.py:153} INFO - Started process (PID=349) to work on /opt/airflow/dags/10X_dags/demultiplex_ten.py
[2023-04-11T10:05:34.380+0400] {processor.py:743} INFO - Processing file /opt/airflow/dags/10X_dags/demultiplex_ten.py for tasks to queue
[2023-04-11T10:05:34.382+0400] {logging_mixin.py:137} INFO - [2023-04-11T10:05:34.381+0400] {dagbag.py:532} INFO - Filling up the DagBag from /opt/airflow/dags/10X_dags/demultiplex_ten.py
[2023-04-11T10:05:34.392+0400] {processor.py:755} WARNING - No viable dags retrieved from /opt/airflow/dags/10X_dags/demultiplex_ten.py
[2023-04-11T10:05:34.430+0400] {processor.py:175} INFO - Processing /opt/airflow/dags/10X_dags/demultiplex_ten.py took 0.063 seconds
[2023-04-11T10:06:04.862+0400] {processor.py:153} INFO - Started process (PID=362) to work on /opt/airflow/dags/10X_dags/demultiplex_ten.py
[2023-04-11T10:06:04.864+0400] {processor.py:743} INFO - Processing file /opt/airflow/dags/10X_dags/demultiplex_ten.py for tasks to queue
[2023-04-11T10:06:04.866+0400] {logging_mixin.py:137} INFO - [2023-04-11T10:06:04.866+0400] {dagbag.py:532} INFO - Filling up the DagBag from /opt/airflow/dags/10X_dags/demultiplex_ten.py
[2023-04-11T10:06:04.877+0400] {processor.py:755} WARNING - No viable dags retrieved from /opt/airflow/dags/10X_dags/demultiplex_ten.py
[2023-04-11T10:06:04.915+0400] {processor.py:175} INFO - Processing /opt/airflow/dags/10X_dags/demultiplex_ten.py took 0.064 seconds
[2023-04-11T10:06:35.349+0400] {processor.py:153} INFO - Started process (PID=375) to work on /opt/airflow/dags/10X_dags/demultiplex_ten.py
[2023-04-11T10:06:35.351+0400] {processor.py:743} INFO - Processing file /opt/airflow/dags/10X_dags/demultiplex_ten.py for tasks to queue
[2023-04-11T10:06:35.353+0400] {logging_mixin.py:137} INFO - [2023-04-11T10:06:35.352+0400] {dagbag.py:532} INFO - Filling up the DagBag from /opt/airflow/dags/10X_dags/demultiplex_ten.py
[2023-04-11T10:06:35.365+0400] {processor.py:755} WARNING - No viable dags retrieved from /opt/airflow/dags/10X_dags/demultiplex_ten.py
[2023-04-11T10:06:35.404+0400] {processor.py:175} INFO - Processing /opt/airflow/dags/10X_dags/demultiplex_ten.py took 0.066 seconds
[2023-04-11T10:07:05.823+0400] {processor.py:153} INFO - Started process (PID=388) to work on /opt/airflow/dags/10X_dags/demultiplex_ten.py
[2023-04-11T10:07:05.825+0400] {processor.py:743} INFO - Processing file /opt/airflow/dags/10X_dags/demultiplex_ten.py for tasks to queue
[2023-04-11T10:07:05.827+0400] {logging_mixin.py:137} INFO - [2023-04-11T10:07:05.826+0400] {dagbag.py:532} INFO - Filling up the DagBag from /opt/airflow/dags/10X_dags/demultiplex_ten.py
[2023-04-11T10:07:05.839+0400] {processor.py:755} WARNING - No viable dags retrieved from /opt/airflow/dags/10X_dags/demultiplex_ten.py
[2023-04-11T10:07:05.877+0400] {processor.py:175} INFO - Processing /opt/airflow/dags/10X_dags/demultiplex_ten.py took 0.066 seconds
[2023-04-11T10:07:36.370+0400] {processor.py:153} INFO - Started process (PID=401) to work on /opt/airflow/dags/10X_dags/demultiplex_ten.py
[2023-04-11T10:07:36.372+0400] {processor.py:743} INFO - Processing file /opt/airflow/dags/10X_dags/demultiplex_ten.py for tasks to queue
[2023-04-11T10:07:36.374+0400] {logging_mixin.py:137} INFO - [2023-04-11T10:07:36.373+0400] {dagbag.py:532} INFO - Filling up the DagBag from /opt/airflow/dags/10X_dags/demultiplex_ten.py
[2023-04-11T10:07:36.385+0400] {processor.py:755} WARNING - No viable dags retrieved from /opt/airflow/dags/10X_dags/demultiplex_ten.py
[2023-04-11T10:07:36.424+0400] {processor.py:175} INFO - Processing /opt/airflow/dags/10X_dags/demultiplex_ten.py took 0.064 seconds
[2023-04-11T10:08:06.924+0400] {processor.py:153} INFO - Started process (PID=414) to work on /opt/airflow/dags/10X_dags/demultiplex_ten.py
[2023-04-11T10:08:06.926+0400] {processor.py:743} INFO - Processing file /opt/airflow/dags/10X_dags/demultiplex_ten.py for tasks to queue
[2023-04-11T10:08:06.928+0400] {logging_mixin.py:137} INFO - [2023-04-11T10:08:06.928+0400] {dagbag.py:532} INFO - Filling up the DagBag from /opt/airflow/dags/10X_dags/demultiplex_ten.py
[2023-04-11T10:08:06.940+0400] {processor.py:755} WARNING - No viable dags retrieved from /opt/airflow/dags/10X_dags/demultiplex_ten.py
[2023-04-11T10:08:06.979+0400] {processor.py:175} INFO - Processing /opt/airflow/dags/10X_dags/demultiplex_ten.py took 0.066 seconds
[2023-04-11T10:08:37.423+0400] {processor.py:153} INFO - Started process (PID=427) to work on /opt/airflow/dags/10X_dags/demultiplex_ten.py
[2023-04-11T10:08:37.425+0400] {processor.py:743} INFO - Processing file /opt/airflow/dags/10X_dags/demultiplex_ten.py for tasks to queue
[2023-04-11T10:08:37.426+0400] {logging_mixin.py:137} INFO - [2023-04-11T10:08:37.426+0400] {dagbag.py:532} INFO - Filling up the DagBag from /opt/airflow/dags/10X_dags/demultiplex_ten.py
[2023-04-11T10:08:37.438+0400] {processor.py:755} WARNING - No viable dags retrieved from /opt/airflow/dags/10X_dags/demultiplex_ten.py
[2023-04-11T10:08:37.479+0400] {processor.py:175} INFO - Processing /opt/airflow/dags/10X_dags/demultiplex_ten.py took 0.066 seconds
[2023-04-11T10:09:07.974+0400] {processor.py:153} INFO - Started process (PID=440) to work on /opt/airflow/dags/10X_dags/demultiplex_ten.py
[2023-04-11T10:09:07.976+0400] {processor.py:743} INFO - Processing file /opt/airflow/dags/10X_dags/demultiplex_ten.py for tasks to queue
[2023-04-11T10:09:07.978+0400] {logging_mixin.py:137} INFO - [2023-04-11T10:09:07.977+0400] {dagbag.py:532} INFO - Filling up the DagBag from /opt/airflow/dags/10X_dags/demultiplex_ten.py
[2023-04-11T10:09:07.988+0400] {processor.py:755} WARNING - No viable dags retrieved from /opt/airflow/dags/10X_dags/demultiplex_ten.py
[2023-04-11T10:09:08.026+0400] {processor.py:175} INFO - Processing /opt/airflow/dags/10X_dags/demultiplex_ten.py took 0.062 seconds
[2023-04-11T10:09:38.451+0400] {processor.py:153} INFO - Started process (PID=453) to work on /opt/airflow/dags/10X_dags/demultiplex_ten.py
[2023-04-11T10:09:38.453+0400] {processor.py:743} INFO - Processing file /opt/airflow/dags/10X_dags/demultiplex_ten.py for tasks to queue
[2023-04-11T10:09:38.455+0400] {logging_mixin.py:137} INFO - [2023-04-11T10:09:38.454+0400] {dagbag.py:532} INFO - Filling up the DagBag from /opt/airflow/dags/10X_dags/demultiplex_ten.py
[2023-04-11T10:09:38.466+0400] {processor.py:755} WARNING - No viable dags retrieved from /opt/airflow/dags/10X_dags/demultiplex_ten.py
[2023-04-11T10:09:38.507+0400] {processor.py:175} INFO - Processing /opt/airflow/dags/10X_dags/demultiplex_ten.py took 0.067 seconds
[2023-04-11T10:10:09.008+0400] {processor.py:153} INFO - Started process (PID=466) to work on /opt/airflow/dags/10X_dags/demultiplex_ten.py
[2023-04-11T10:10:09.010+0400] {processor.py:743} INFO - Processing file /opt/airflow/dags/10X_dags/demultiplex_ten.py for tasks to queue
[2023-04-11T10:10:09.012+0400] {logging_mixin.py:137} INFO - [2023-04-11T10:10:09.012+0400] {dagbag.py:532} INFO - Filling up the DagBag from /opt/airflow/dags/10X_dags/demultiplex_ten.py
[2023-04-11T10:10:09.024+0400] {processor.py:755} WARNING - No viable dags retrieved from /opt/airflow/dags/10X_dags/demultiplex_ten.py
[2023-04-11T10:10:09.063+0400] {processor.py:175} INFO - Processing /opt/airflow/dags/10X_dags/demultiplex_ten.py took 0.064 seconds
