[2023-04-11T11:35:38.729+0400] {taskinstance.py:1090} INFO - Dependencies all met for dep_context=non-requeueable deps ti=<TaskInstance: 10X_sequence.miso_samplesheet_generate NCS-400 Trial run 2 _11_04_2023 11_08_36 [queued]>
[2023-04-11T11:35:38.759+0400] {taskinstance.py:1090} INFO - Dependencies all met for dep_context=requeueable deps ti=<TaskInstance: 10X_sequence.miso_samplesheet_generate NCS-400 Trial run 2 _11_04_2023 11_08_36 [queued]>
[2023-04-11T11:35:38.759+0400] {taskinstance.py:1288} INFO - 
--------------------------------------------------------------------------------
[2023-04-11T11:35:38.760+0400] {taskinstance.py:1289} INFO - Starting attempt 1 of 3
[2023-04-11T11:35:38.760+0400] {taskinstance.py:1290} INFO - 
--------------------------------------------------------------------------------
[2023-04-11T11:35:38.784+0400] {taskinstance.py:1309} INFO - Executing <Task(SSHOperator): miso_samplesheet_generate> on 2023-04-11 07:08:37.496302+00:00
[2023-04-11T11:35:38.792+0400] {standard_task_runner.py:55} INFO - Started process 1612 to run task
[2023-04-11T11:35:38.802+0400] {standard_task_runner.py:82} INFO - Running: ['***', 'tasks', 'run', '10X_sequence', 'miso_samplesheet_generate', 'NCS-400 Trial run 2 _11_04_2023 11_08_36', '--job-id', '51', '--raw', '--subdir', 'DAGS_FOLDER/10X_sequence_dag.py', '--cfg-path', '/tmp/tmpb4pnefpn']
[2023-04-11T11:35:38.803+0400] {standard_task_runner.py:83} INFO - Job 51: Subtask miso_samplesheet_generate
[2023-04-11T11:35:38.977+0400] {task_command.py:389} INFO - Running <TaskInstance: 10X_sequence.miso_samplesheet_generate NCS-400 Trial run 2 _11_04_2023 11_08_36 [running]> on host e286faa700a5
[2023-04-11T11:35:39.223+0400] {taskinstance.py:1518} INFO - Exporting the following env vars:
AIRFLOW_CTX_DAG_OWNER=***
AIRFLOW_CTX_DAG_ID=10X_sequence
AIRFLOW_CTX_TASK_ID=miso_samplesheet_generate
AIRFLOW_CTX_EXECUTION_DATE=2023-04-11T07:08:37.496302+00:00
AIRFLOW_CTX_TRY_NUMBER=1
AIRFLOW_CTX_DAG_RUN_ID=NCS-400 Trial run 2 _11_04_2023 11_08_36
[2023-04-11T11:35:39.224+0400] {ssh.py:135} INFO - Creating ssh_client
[2023-04-11T11:35:39.225+0400] {ssh.py:299} WARNING - No Host Key Verification. This won't protect against Man-In-The-Middle attacks
[2023-04-11T11:35:39.237+0400] {transport.py:1873} INFO - Connected (version 2.0, client OpenSSH_8.0)
[2023-04-11T11:35:39.501+0400] {transport.py:1873} INFO - Authentication (publickey) successful!
[2023-04-11T11:35:39.502+0400] {ssh.py:476} INFO - Running command: 
        rsync -av /scratch/gencore/workflows/latest/miso_samplesheet_gen10X.py "/scratch/gencore/novaseq/221130_A00534_0114_BHHYF3DRX2/"
        cd "/scratch/gencore/novaseq/221130_A00534_0114_BHHYF3DRX2/"
        module load python/3.9.0
        python miso_samplesheet_gen10X.py 22
[2023-04-11T11:35:40.061+0400] {ssh.py:516} INFO - sending incremental file list
[2023-04-11T11:35:40.062+0400] {ssh.py:516} INFO - miso_samplesheet_gen10X.py
[2023-04-11T11:35:40.078+0400] {ssh.py:516} INFO - sent 2,339 bytes  received 35 bytes  4,748.00 bytes/sec
[2023-04-11T11:35:40.079+0400] {ssh.py:516} INFO - total size is 2,216  speedup is 0.93
[2023-04-11T11:35:40.154+0400] {ssh.py:521} WARNING - Loading module 'python/3.9.0'
[2023-04-11T11:35:40.379+0400] {taskinstance.py:1332} INFO - Marking task as SUCCESS. dag_id=10X_sequence, task_id=miso_samplesheet_generate, execution_date=20230411T070837, start_date=20230411T073538, end_date=20230411T073540
[2023-04-11T11:35:40.452+0400] {local_task_job.py:212} INFO - Task exited with return code 0
[2023-04-11T11:35:40.544+0400] {taskinstance.py:2596} INFO - 1 downstream tasks scheduled from follow-on schedule check
